<?xml version="1.0" encoding="UTF-8"?>
<testsuite xmlns:xsi="http://www.w3.org/2001/XMLSchema-instance" xsi:noNamespaceSchemaLocation="https://maven.apache.org/surefire/maven-surefire-plugin/xsd/surefire-test-report.xsd" version="3.0.2" name="TestPython" time="0.236" tests="1" errors="0" skipped="0" failures="0">
  <properties>
    <property name="java.specification.version" value="17"/>
    <property name="sun.jnu.encoding" value="UTF-8"/>
    <property name="java.class.path" value="/Users/hooper/code/ugg_express/target/test-classes:/Users/hooper/code/ugg_express/target/classes:/Users/hooper/code/maven/repository/org/springframework/boot/spring-boot-starter/3.5.5/spring-boot-starter-3.5.5.jar:/Users/hooper/code/maven/repository/org/springframework/boot/spring-boot/3.5.5/spring-boot-3.5.5.jar:/Users/hooper/code/maven/repository/org/springframework/spring-context/6.2.10/spring-context-6.2.10.jar:/Users/hooper/code/maven/repository/org/springframework/boot/spring-boot-autoconfigure/3.5.5/spring-boot-autoconfigure-3.5.5.jar:/Users/hooper/code/maven/repository/org/springframework/boot/spring-boot-starter-logging/3.5.5/spring-boot-starter-logging-3.5.5.jar:/Users/hooper/code/maven/repository/ch/qos/logback/logback-classic/1.5.18/logback-classic-1.5.18.jar:/Users/hooper/code/maven/repository/ch/qos/logback/logback-core/1.5.18/logback-core-1.5.18.jar:/Users/hooper/code/maven/repository/org/apache/logging/log4j/log4j-to-slf4j/2.24.3/log4j-to-slf4j-2.24.3.jar:/Users/hooper/code/maven/repository/org/apache/logging/log4j/log4j-api/2.24.3/log4j-api-2.24.3.jar:/Users/hooper/code/maven/repository/org/slf4j/jul-to-slf4j/2.0.17/jul-to-slf4j-2.0.17.jar:/Users/hooper/code/maven/repository/jakarta/annotation/jakarta.annotation-api/2.1.1/jakarta.annotation-api-2.1.1.jar:/Users/hooper/code/maven/repository/org/springframework/spring-core/6.2.10/spring-core-6.2.10.jar:/Users/hooper/code/maven/repository/org/springframework/spring-jcl/6.2.10/spring-jcl-6.2.10.jar:/Users/hooper/code/maven/repository/org/yaml/snakeyaml/2.4/snakeyaml-2.4.jar:/Users/hooper/code/maven/repository/org/springframework/boot/spring-boot-starter-web/3.5.5/spring-boot-starter-web-3.5.5.jar:/Users/hooper/code/maven/repository/org/springframework/boot/spring-boot-starter-json/3.5.5/spring-boot-starter-json-3.5.5.jar:/Users/hooper/code/maven/repository/com/fasterxml/jackson/datatype/jackson-datatype-jdk8/2.19.2/jackson-datatype-jdk8-2.19.2.jar:/Users/hooper/code/maven/repository/com/fasterxml/jackson/module/jackson-module-parameter-names/2.19.2/jackson-module-parameter-names-2.19.2.jar:/Users/hooper/code/maven/repository/org/springframework/boot/spring-boot-starter-tomcat/3.5.5/spring-boot-starter-tomcat-3.5.5.jar:/Users/hooper/code/maven/repository/org/apache/tomcat/embed/tomcat-embed-core/10.1.44/tomcat-embed-core-10.1.44.jar:/Users/hooper/code/maven/repository/org/apache/tomcat/embed/tomcat-embed-websocket/10.1.44/tomcat-embed-websocket-10.1.44.jar:/Users/hooper/code/maven/repository/org/springframework/spring-web/6.2.10/spring-web-6.2.10.jar:/Users/hooper/code/maven/repository/org/springframework/spring-beans/6.2.10/spring-beans-6.2.10.jar:/Users/hooper/code/maven/repository/io/micrometer/micrometer-observation/1.15.3/micrometer-observation-1.15.3.jar:/Users/hooper/code/maven/repository/io/micrometer/micrometer-commons/1.15.3/micrometer-commons-1.15.3.jar:/Users/hooper/code/maven/repository/org/springframework/spring-webmvc/6.2.10/spring-webmvc-6.2.10.jar:/Users/hooper/code/maven/repository/org/springframework/spring-aop/6.2.10/spring-aop-6.2.10.jar:/Users/hooper/code/maven/repository/org/springframework/spring-expression/6.2.10/spring-expression-6.2.10.jar:/Users/hooper/code/maven/repository/org/mybatis/spring/boot/mybatis-spring-boot-starter/3.0.5/mybatis-spring-boot-starter-3.0.5.jar:/Users/hooper/code/maven/repository/org/springframework/boot/spring-boot-starter-jdbc/3.5.5/spring-boot-starter-jdbc-3.5.5.jar:/Users/hooper/code/maven/repository/com/zaxxer/HikariCP/6.3.2/HikariCP-6.3.2.jar:/Users/hooper/code/maven/repository/org/springframework/spring-jdbc/6.2.10/spring-jdbc-6.2.10.jar:/Users/hooper/code/maven/repository/org/mybatis/spring/boot/mybatis-spring-boot-autoconfigure/3.0.5/mybatis-spring-boot-autoconfigure-3.0.5.jar:/Users/hooper/code/maven/repository/org/mybatis/mybatis/3.5.19/mybatis-3.5.19.jar:/Users/hooper/code/maven/repository/org/mybatis/mybatis-spring/3.0.5/mybatis-spring-3.0.5.jar:/Users/hooper/code/maven/repository/com/baomidou/mybatis-plus-boot-starter/3.5.5/mybatis-plus-boot-starter-3.5.5.jar:/Users/hooper/code/maven/repository/com/baomidou/mybatis-plus/3.5.5/mybatis-plus-3.5.5.jar:/Users/hooper/code/maven/repository/com/baomidou/mybatis-plus-extension/3.5.5/mybatis-plus-extension-3.5.5.jar:/Users/hooper/code/maven/repository/com/baomidou/mybatis-plus-spring-boot-autoconfigure/3.5.5/mybatis-plus-spring-boot-autoconfigure-3.5.5.jar:/Users/hooper/code/maven/repository/org/springframework/boot/spring-boot-devtools/3.5.5/spring-boot-devtools-3.5.5.jar:/Users/hooper/code/maven/repository/com/mysql/mysql-connector-j/9.4.0/mysql-connector-j-9.4.0.jar:/Users/hooper/code/maven/repository/org/projectlombok/lombok/1.18.30/lombok-1.18.30.jar:/Users/hooper/code/maven/repository/org/springframework/boot/spring-boot-starter-test/3.5.5/spring-boot-starter-test-3.5.5.jar:/Users/hooper/code/maven/repository/org/springframework/boot/spring-boot-test/3.5.5/spring-boot-test-3.5.5.jar:/Users/hooper/code/maven/repository/org/springframework/boot/spring-boot-test-autoconfigure/3.5.5/spring-boot-test-autoconfigure-3.5.5.jar:/Users/hooper/code/maven/repository/com/jayway/jsonpath/json-path/2.9.0/json-path-2.9.0.jar:/Users/hooper/code/maven/repository/jakarta/xml/bind/jakarta.xml.bind-api/4.0.2/jakarta.xml.bind-api-4.0.2.jar:/Users/hooper/code/maven/repository/jakarta/activation/jakarta.activation-api/2.1.3/jakarta.activation-api-2.1.3.jar:/Users/hooper/code/maven/repository/net/minidev/json-smart/2.5.2/json-smart-2.5.2.jar:/Users/hooper/code/maven/repository/net/minidev/accessors-smart/2.5.2/accessors-smart-2.5.2.jar:/Users/hooper/code/maven/repository/org/ow2/asm/asm/9.7.1/asm-9.7.1.jar:/Users/hooper/code/maven/repository/org/assertj/assertj-core/3.27.4/assertj-core-3.27.4.jar:/Users/hooper/code/maven/repository/org/awaitility/awaitility/4.2.2/awaitility-4.2.2.jar:/Users/hooper/code/maven/repository/org/hamcrest/hamcrest/3.0/hamcrest-3.0.jar:/Users/hooper/code/maven/repository/org/junit/jupiter/junit-jupiter/5.12.2/junit-jupiter-5.12.2.jar:/Users/hooper/code/maven/repository/org/junit/jupiter/junit-jupiter-api/5.12.2/junit-jupiter-api-5.12.2.jar:/Users/hooper/code/maven/repository/org/opentest4j/opentest4j/1.3.0/opentest4j-1.3.0.jar:/Users/hooper/code/maven/repository/org/junit/platform/junit-platform-commons/1.12.2/junit-platform-commons-1.12.2.jar:/Users/hooper/code/maven/repository/org/apiguardian/apiguardian-api/1.1.2/apiguardian-api-1.1.2.jar:/Users/hooper/code/maven/repository/org/junit/jupiter/junit-jupiter-params/5.12.2/junit-jupiter-params-5.12.2.jar:/Users/hooper/code/maven/repository/org/junit/jupiter/junit-jupiter-engine/5.12.2/junit-jupiter-engine-5.12.2.jar:/Users/hooper/code/maven/repository/org/junit/platform/junit-platform-engine/1.12.2/junit-platform-engine-1.12.2.jar:/Users/hooper/code/maven/repository/org/mockito/mockito-core/5.17.0/mockito-core-5.17.0.jar:/Users/hooper/code/maven/repository/net/bytebuddy/byte-buddy-agent/1.17.7/byte-buddy-agent-1.17.7.jar:/Users/hooper/code/maven/repository/org/objenesis/objenesis/3.3/objenesis-3.3.jar:/Users/hooper/code/maven/repository/org/mockito/mockito-junit-jupiter/5.17.0/mockito-junit-jupiter-5.17.0.jar:/Users/hooper/code/maven/repository/org/skyscreamer/jsonassert/1.5.3/jsonassert-1.5.3.jar:/Users/hooper/code/maven/repository/com/vaadin/external/google/android-json/0.0.20131108.vaadin1/android-json-0.0.20131108.vaadin1.jar:/Users/hooper/code/maven/repository/org/springframework/spring-test/6.2.10/spring-test-6.2.10.jar:/Users/hooper/code/maven/repository/org/xmlunit/xmlunit-core/2.10.3/xmlunit-core-2.10.3.jar:/Users/hooper/code/maven/repository/org/mybatis/spring/boot/mybatis-spring-boot-starter-test/3.0.5/mybatis-spring-boot-starter-test-3.0.5.jar:/Users/hooper/code/maven/repository/org/mybatis/spring/boot/mybatis-spring-boot-test-autoconfigure/3.0.5/mybatis-spring-boot-test-autoconfigure-3.0.5.jar:/Users/hooper/code/maven/repository/org/springframework/spring-tx/6.2.10/spring-tx-6.2.10.jar:/Users/hooper/code/maven/repository/com/baomidou/mybatis-plus-core/3.5.5/mybatis-plus-core-3.5.5.jar:/Users/hooper/code/maven/repository/com/baomidou/mybatis-plus-annotation/3.5.5/mybatis-plus-annotation-3.5.5.jar:/Users/hooper/code/maven/repository/com/github/jsqlparser/jsqlparser/4.6/jsqlparser-4.6.jar:/Users/hooper/code/maven/repository/com/baomidou/mybatis-plus-generator/3.5.5/mybatis-plus-generator-3.5.5.jar:/Users/hooper/code/maven/repository/org/apache/velocity/velocity-engine-core/2.3/velocity-engine-core-2.3.jar:/Users/hooper/code/maven/repository/org/apache/commons/commons-lang3/3.17.0/commons-lang3-3.17.0.jar:/Users/hooper/code/maven/repository/org/slf4j/slf4j-api/2.0.17/slf4j-api-2.0.17.jar:/Users/hooper/code/maven/repository/org/springdoc/springdoc-openapi-starter-webmvc-ui/2.5.0/springdoc-openapi-starter-webmvc-ui-2.5.0.jar:/Users/hooper/code/maven/repository/org/springdoc/springdoc-openapi-starter-webmvc-api/2.5.0/springdoc-openapi-starter-webmvc-api-2.5.0.jar:/Users/hooper/code/maven/repository/org/springdoc/springdoc-openapi-starter-common/2.5.0/springdoc-openapi-starter-common-2.5.0.jar:/Users/hooper/code/maven/repository/io/swagger/core/v3/swagger-core-jakarta/2.2.21/swagger-core-jakarta-2.2.21.jar:/Users/hooper/code/maven/repository/io/swagger/core/v3/swagger-annotations-jakarta/2.2.21/swagger-annotations-jakarta-2.2.21.jar:/Users/hooper/code/maven/repository/io/swagger/core/v3/swagger-models-jakarta/2.2.21/swagger-models-jakarta-2.2.21.jar:/Users/hooper/code/maven/repository/com/fasterxml/jackson/dataformat/jackson-dataformat-yaml/2.19.2/jackson-dataformat-yaml-2.19.2.jar:/Users/hooper/code/maven/repository/org/webjars/swagger-ui/5.13.0/swagger-ui-5.13.0.jar:/Users/hooper/code/maven/repository/com/fasterxml/jackson/core/jackson-databind/2.17.0/jackson-databind-2.17.0.jar:/Users/hooper/code/maven/repository/com/fasterxml/jackson/core/jackson-annotations/2.19.2/jackson-annotations-2.19.2.jar:/Users/hooper/code/maven/repository/com/fasterxml/jackson/core/jackson-core/2.19.2/jackson-core-2.19.2.jar:/Users/hooper/code/maven/repository/net/bytebuddy/byte-buddy/1.17.7/byte-buddy-1.17.7.jar:/Users/hooper/code/maven/repository/junit/junit/4.13.2/junit-4.13.2.jar:/Users/hooper/code/maven/repository/org/hamcrest/hamcrest-core/3.0/hamcrest-core-3.0.jar:/Users/hooper/code/maven/repository/org/testng/testng/7.11.0/testng-7.11.0.jar:/Users/hooper/code/maven/repository/org/jcommander/jcommander/1.83/jcommander-1.83.jar:/Users/hooper/code/maven/repository/org/webjars/jquery/3.7.1/jquery-3.7.1.jar:/Users/hooper/code/maven/repository/com/fasterxml/jackson/datatype/jackson-datatype-jsr310/2.19.2/jackson-datatype-jsr310-2.19.2.jar:/Users/hooper/code/maven/repository/org/springframework/boot/spring-boot-starter-validation/3.5.5/spring-boot-starter-validation-3.5.5.jar:/Users/hooper/code/maven/repository/org/apache/tomcat/embed/tomcat-embed-el/10.1.44/tomcat-embed-el-10.1.44.jar:/Users/hooper/code/maven/repository/org/hibernate/validator/hibernate-validator/8.0.3.Final/hibernate-validator-8.0.3.Final.jar:/Users/hooper/code/maven/repository/jakarta/validation/jakarta.validation-api/3.0.2/jakarta.validation-api-3.0.2.jar:/Users/hooper/code/maven/repository/org/jboss/logging/jboss-logging/3.6.1.Final/jboss-logging-3.6.1.Final.jar:/Users/hooper/code/maven/repository/com/fasterxml/classmate/1.7.0/classmate-1.7.0.jar:"/>
    <property name="java.vm.vendor" value="Homebrew"/>
    <property name="sun.arch.data.model" value="64"/>
    <property name="java.vendor.url" value="https://github.com/Homebrew/homebrew-core/issues"/>
    <property name="user.timezone" value="Australia/Adelaide"/>
    <property name="os.name" value="Mac OS X"/>
    <property name="java.vm.specification.version" value="17"/>
    <property name="sun.java.launcher" value="SUN_STANDARD"/>
    <property name="user.country" value="AU"/>
    <property name="sun.boot.library.path" value="/opt/homebrew/Cellar/openjdk@17/17.0.16/libexec/openjdk.jdk/Contents/Home/lib"/>
    <property name="sun.java.command" value="/Users/hooper/code/ugg_express/target/surefire/surefirebooter-20250926105148730_3.jar /Users/hooper/code/ugg_express/target/surefire 2025-09-26T10-51-48_689-jvmRun1 surefire-20250926105148730_1tmp surefire_0-20250926105148730_2tmp"/>
    <property name="http.nonProxyHosts" value="192.168.0.0/16|*.192.168.0.0/16|10.0.0.0/8|*.10.0.0.0/8|172.16.0.0/12|*.172.16.0.0/12|127.0.0.1|localhost|*.localhost|local|*.local|timestamp.apple.com|*.timestamp.apple.com|sequoia.apple.com|*.sequoia.apple.com|seed-sequoia.siri.apple.com|*.seed-sequoia.siri.apple.com"/>
    <property name="jdk.debug" value="release"/>
    <property name="surefire.test.class.path" value="/Users/hooper/code/ugg_express/target/test-classes:/Users/hooper/code/ugg_express/target/classes:/Users/hooper/code/maven/repository/org/springframework/boot/spring-boot-starter/3.5.5/spring-boot-starter-3.5.5.jar:/Users/hooper/code/maven/repository/org/springframework/boot/spring-boot/3.5.5/spring-boot-3.5.5.jar:/Users/hooper/code/maven/repository/org/springframework/spring-context/6.2.10/spring-context-6.2.10.jar:/Users/hooper/code/maven/repository/org/springframework/boot/spring-boot-autoconfigure/3.5.5/spring-boot-autoconfigure-3.5.5.jar:/Users/hooper/code/maven/repository/org/springframework/boot/spring-boot-starter-logging/3.5.5/spring-boot-starter-logging-3.5.5.jar:/Users/hooper/code/maven/repository/ch/qos/logback/logback-classic/1.5.18/logback-classic-1.5.18.jar:/Users/hooper/code/maven/repository/ch/qos/logback/logback-core/1.5.18/logback-core-1.5.18.jar:/Users/hooper/code/maven/repository/org/apache/logging/log4j/log4j-to-slf4j/2.24.3/log4j-to-slf4j-2.24.3.jar:/Users/hooper/code/maven/repository/org/apache/logging/log4j/log4j-api/2.24.3/log4j-api-2.24.3.jar:/Users/hooper/code/maven/repository/org/slf4j/jul-to-slf4j/2.0.17/jul-to-slf4j-2.0.17.jar:/Users/hooper/code/maven/repository/jakarta/annotation/jakarta.annotation-api/2.1.1/jakarta.annotation-api-2.1.1.jar:/Users/hooper/code/maven/repository/org/springframework/spring-core/6.2.10/spring-core-6.2.10.jar:/Users/hooper/code/maven/repository/org/springframework/spring-jcl/6.2.10/spring-jcl-6.2.10.jar:/Users/hooper/code/maven/repository/org/yaml/snakeyaml/2.4/snakeyaml-2.4.jar:/Users/hooper/code/maven/repository/org/springframework/boot/spring-boot-starter-web/3.5.5/spring-boot-starter-web-3.5.5.jar:/Users/hooper/code/maven/repository/org/springframework/boot/spring-boot-starter-json/3.5.5/spring-boot-starter-json-3.5.5.jar:/Users/hooper/code/maven/repository/com/fasterxml/jackson/datatype/jackson-datatype-jdk8/2.19.2/jackson-datatype-jdk8-2.19.2.jar:/Users/hooper/code/maven/repository/com/fasterxml/jackson/module/jackson-module-parameter-names/2.19.2/jackson-module-parameter-names-2.19.2.jar:/Users/hooper/code/maven/repository/org/springframework/boot/spring-boot-starter-tomcat/3.5.5/spring-boot-starter-tomcat-3.5.5.jar:/Users/hooper/code/maven/repository/org/apache/tomcat/embed/tomcat-embed-core/10.1.44/tomcat-embed-core-10.1.44.jar:/Users/hooper/code/maven/repository/org/apache/tomcat/embed/tomcat-embed-websocket/10.1.44/tomcat-embed-websocket-10.1.44.jar:/Users/hooper/code/maven/repository/org/springframework/spring-web/6.2.10/spring-web-6.2.10.jar:/Users/hooper/code/maven/repository/org/springframework/spring-beans/6.2.10/spring-beans-6.2.10.jar:/Users/hooper/code/maven/repository/io/micrometer/micrometer-observation/1.15.3/micrometer-observation-1.15.3.jar:/Users/hooper/code/maven/repository/io/micrometer/micrometer-commons/1.15.3/micrometer-commons-1.15.3.jar:/Users/hooper/code/maven/repository/org/springframework/spring-webmvc/6.2.10/spring-webmvc-6.2.10.jar:/Users/hooper/code/maven/repository/org/springframework/spring-aop/6.2.10/spring-aop-6.2.10.jar:/Users/hooper/code/maven/repository/org/springframework/spring-expression/6.2.10/spring-expression-6.2.10.jar:/Users/hooper/code/maven/repository/org/mybatis/spring/boot/mybatis-spring-boot-starter/3.0.5/mybatis-spring-boot-starter-3.0.5.jar:/Users/hooper/code/maven/repository/org/springframework/boot/spring-boot-starter-jdbc/3.5.5/spring-boot-starter-jdbc-3.5.5.jar:/Users/hooper/code/maven/repository/com/zaxxer/HikariCP/6.3.2/HikariCP-6.3.2.jar:/Users/hooper/code/maven/repository/org/springframework/spring-jdbc/6.2.10/spring-jdbc-6.2.10.jar:/Users/hooper/code/maven/repository/org/mybatis/spring/boot/mybatis-spring-boot-autoconfigure/3.0.5/mybatis-spring-boot-autoconfigure-3.0.5.jar:/Users/hooper/code/maven/repository/org/mybatis/mybatis/3.5.19/mybatis-3.5.19.jar:/Users/hooper/code/maven/repository/org/mybatis/mybatis-spring/3.0.5/mybatis-spring-3.0.5.jar:/Users/hooper/code/maven/repository/com/baomidou/mybatis-plus-boot-starter/3.5.5/mybatis-plus-boot-starter-3.5.5.jar:/Users/hooper/code/maven/repository/com/baomidou/mybatis-plus/3.5.5/mybatis-plus-3.5.5.jar:/Users/hooper/code/maven/repository/com/baomidou/mybatis-plus-extension/3.5.5/mybatis-plus-extension-3.5.5.jar:/Users/hooper/code/maven/repository/com/baomidou/mybatis-plus-spring-boot-autoconfigure/3.5.5/mybatis-plus-spring-boot-autoconfigure-3.5.5.jar:/Users/hooper/code/maven/repository/org/springframework/boot/spring-boot-devtools/3.5.5/spring-boot-devtools-3.5.5.jar:/Users/hooper/code/maven/repository/com/mysql/mysql-connector-j/9.4.0/mysql-connector-j-9.4.0.jar:/Users/hooper/code/maven/repository/org/projectlombok/lombok/1.18.30/lombok-1.18.30.jar:/Users/hooper/code/maven/repository/org/springframework/boot/spring-boot-starter-test/3.5.5/spring-boot-starter-test-3.5.5.jar:/Users/hooper/code/maven/repository/org/springframework/boot/spring-boot-test/3.5.5/spring-boot-test-3.5.5.jar:/Users/hooper/code/maven/repository/org/springframework/boot/spring-boot-test-autoconfigure/3.5.5/spring-boot-test-autoconfigure-3.5.5.jar:/Users/hooper/code/maven/repository/com/jayway/jsonpath/json-path/2.9.0/json-path-2.9.0.jar:/Users/hooper/code/maven/repository/jakarta/xml/bind/jakarta.xml.bind-api/4.0.2/jakarta.xml.bind-api-4.0.2.jar:/Users/hooper/code/maven/repository/jakarta/activation/jakarta.activation-api/2.1.3/jakarta.activation-api-2.1.3.jar:/Users/hooper/code/maven/repository/net/minidev/json-smart/2.5.2/json-smart-2.5.2.jar:/Users/hooper/code/maven/repository/net/minidev/accessors-smart/2.5.2/accessors-smart-2.5.2.jar:/Users/hooper/code/maven/repository/org/ow2/asm/asm/9.7.1/asm-9.7.1.jar:/Users/hooper/code/maven/repository/org/assertj/assertj-core/3.27.4/assertj-core-3.27.4.jar:/Users/hooper/code/maven/repository/org/awaitility/awaitility/4.2.2/awaitility-4.2.2.jar:/Users/hooper/code/maven/repository/org/hamcrest/hamcrest/3.0/hamcrest-3.0.jar:/Users/hooper/code/maven/repository/org/junit/jupiter/junit-jupiter/5.12.2/junit-jupiter-5.12.2.jar:/Users/hooper/code/maven/repository/org/junit/jupiter/junit-jupiter-api/5.12.2/junit-jupiter-api-5.12.2.jar:/Users/hooper/code/maven/repository/org/opentest4j/opentest4j/1.3.0/opentest4j-1.3.0.jar:/Users/hooper/code/maven/repository/org/junit/platform/junit-platform-commons/1.12.2/junit-platform-commons-1.12.2.jar:/Users/hooper/code/maven/repository/org/apiguardian/apiguardian-api/1.1.2/apiguardian-api-1.1.2.jar:/Users/hooper/code/maven/repository/org/junit/jupiter/junit-jupiter-params/5.12.2/junit-jupiter-params-5.12.2.jar:/Users/hooper/code/maven/repository/org/junit/jupiter/junit-jupiter-engine/5.12.2/junit-jupiter-engine-5.12.2.jar:/Users/hooper/code/maven/repository/org/junit/platform/junit-platform-engine/1.12.2/junit-platform-engine-1.12.2.jar:/Users/hooper/code/maven/repository/org/mockito/mockito-core/5.17.0/mockito-core-5.17.0.jar:/Users/hooper/code/maven/repository/net/bytebuddy/byte-buddy-agent/1.17.7/byte-buddy-agent-1.17.7.jar:/Users/hooper/code/maven/repository/org/objenesis/objenesis/3.3/objenesis-3.3.jar:/Users/hooper/code/maven/repository/org/mockito/mockito-junit-jupiter/5.17.0/mockito-junit-jupiter-5.17.0.jar:/Users/hooper/code/maven/repository/org/skyscreamer/jsonassert/1.5.3/jsonassert-1.5.3.jar:/Users/hooper/code/maven/repository/com/vaadin/external/google/android-json/0.0.20131108.vaadin1/android-json-0.0.20131108.vaadin1.jar:/Users/hooper/code/maven/repository/org/springframework/spring-test/6.2.10/spring-test-6.2.10.jar:/Users/hooper/code/maven/repository/org/xmlunit/xmlunit-core/2.10.3/xmlunit-core-2.10.3.jar:/Users/hooper/code/maven/repository/org/mybatis/spring/boot/mybatis-spring-boot-starter-test/3.0.5/mybatis-spring-boot-starter-test-3.0.5.jar:/Users/hooper/code/maven/repository/org/mybatis/spring/boot/mybatis-spring-boot-test-autoconfigure/3.0.5/mybatis-spring-boot-test-autoconfigure-3.0.5.jar:/Users/hooper/code/maven/repository/org/springframework/spring-tx/6.2.10/spring-tx-6.2.10.jar:/Users/hooper/code/maven/repository/com/baomidou/mybatis-plus-core/3.5.5/mybatis-plus-core-3.5.5.jar:/Users/hooper/code/maven/repository/com/baomidou/mybatis-plus-annotation/3.5.5/mybatis-plus-annotation-3.5.5.jar:/Users/hooper/code/maven/repository/com/github/jsqlparser/jsqlparser/4.6/jsqlparser-4.6.jar:/Users/hooper/code/maven/repository/com/baomidou/mybatis-plus-generator/3.5.5/mybatis-plus-generator-3.5.5.jar:/Users/hooper/code/maven/repository/org/apache/velocity/velocity-engine-core/2.3/velocity-engine-core-2.3.jar:/Users/hooper/code/maven/repository/org/apache/commons/commons-lang3/3.17.0/commons-lang3-3.17.0.jar:/Users/hooper/code/maven/repository/org/slf4j/slf4j-api/2.0.17/slf4j-api-2.0.17.jar:/Users/hooper/code/maven/repository/org/springdoc/springdoc-openapi-starter-webmvc-ui/2.5.0/springdoc-openapi-starter-webmvc-ui-2.5.0.jar:/Users/hooper/code/maven/repository/org/springdoc/springdoc-openapi-starter-webmvc-api/2.5.0/springdoc-openapi-starter-webmvc-api-2.5.0.jar:/Users/hooper/code/maven/repository/org/springdoc/springdoc-openapi-starter-common/2.5.0/springdoc-openapi-starter-common-2.5.0.jar:/Users/hooper/code/maven/repository/io/swagger/core/v3/swagger-core-jakarta/2.2.21/swagger-core-jakarta-2.2.21.jar:/Users/hooper/code/maven/repository/io/swagger/core/v3/swagger-annotations-jakarta/2.2.21/swagger-annotations-jakarta-2.2.21.jar:/Users/hooper/code/maven/repository/io/swagger/core/v3/swagger-models-jakarta/2.2.21/swagger-models-jakarta-2.2.21.jar:/Users/hooper/code/maven/repository/com/fasterxml/jackson/dataformat/jackson-dataformat-yaml/2.19.2/jackson-dataformat-yaml-2.19.2.jar:/Users/hooper/code/maven/repository/org/webjars/swagger-ui/5.13.0/swagger-ui-5.13.0.jar:/Users/hooper/code/maven/repository/com/fasterxml/jackson/core/jackson-databind/2.17.0/jackson-databind-2.17.0.jar:/Users/hooper/code/maven/repository/com/fasterxml/jackson/core/jackson-annotations/2.19.2/jackson-annotations-2.19.2.jar:/Users/hooper/code/maven/repository/com/fasterxml/jackson/core/jackson-core/2.19.2/jackson-core-2.19.2.jar:/Users/hooper/code/maven/repository/net/bytebuddy/byte-buddy/1.17.7/byte-buddy-1.17.7.jar:/Users/hooper/code/maven/repository/junit/junit/4.13.2/junit-4.13.2.jar:/Users/hooper/code/maven/repository/org/hamcrest/hamcrest-core/3.0/hamcrest-core-3.0.jar:/Users/hooper/code/maven/repository/org/testng/testng/7.11.0/testng-7.11.0.jar:/Users/hooper/code/maven/repository/org/jcommander/jcommander/1.83/jcommander-1.83.jar:/Users/hooper/code/maven/repository/org/webjars/jquery/3.7.1/jquery-3.7.1.jar:/Users/hooper/code/maven/repository/com/fasterxml/jackson/datatype/jackson-datatype-jsr310/2.19.2/jackson-datatype-jsr310-2.19.2.jar:/Users/hooper/code/maven/repository/org/springframework/boot/spring-boot-starter-validation/3.5.5/spring-boot-starter-validation-3.5.5.jar:/Users/hooper/code/maven/repository/org/apache/tomcat/embed/tomcat-embed-el/10.1.44/tomcat-embed-el-10.1.44.jar:/Users/hooper/code/maven/repository/org/hibernate/validator/hibernate-validator/8.0.3.Final/hibernate-validator-8.0.3.Final.jar:/Users/hooper/code/maven/repository/jakarta/validation/jakarta.validation-api/3.0.2/jakarta.validation-api-3.0.2.jar:/Users/hooper/code/maven/repository/org/jboss/logging/jboss-logging/3.6.1.Final/jboss-logging-3.6.1.Final.jar:/Users/hooper/code/maven/repository/com/fasterxml/classmate/1.7.0/classmate-1.7.0.jar:"/>
    <property name="sun.cpu.endian" value="little"/>
    <property name="user.home" value="/Users/hooper"/>
    <property name="user.language" value="zh"/>
    <property name="java.specification.vendor" value="Oracle Corporation"/>
    <property name="java.version.date" value="2025-07-15"/>
    <property name="java.home" value="/opt/homebrew/Cellar/openjdk@17/17.0.16/libexec/openjdk.jdk/Contents/Home"/>
    <property name="file.separator" value="/"/>
    <property name="basedir" value="/Users/hooper/code/ugg_express"/>
    <property name="java.vm.compressedOopsMode" value="Zero based"/>
    <property name="line.separator" value="&#10;"/>
    <property name="java.vm.specification.vendor" value="Oracle Corporation"/>
    <property name="java.specification.name" value="Java Platform API Specification"/>
    <property name="surefire.real.class.path" value="/Users/hooper/code/ugg_express/target/surefire/surefirebooter-20250926105148730_3.jar"/>
    <property name="user.script" value="Hans"/>
    <property name="sun.management.compiler" value="HotSpot 64-Bit Tiered Compilers"/>
    <property name="ftp.nonProxyHosts" value="192.168.0.0/16|*.192.168.0.0/16|10.0.0.0/8|*.10.0.0.0/8|172.16.0.0/12|*.172.16.0.0/12|127.0.0.1|localhost|*.localhost|local|*.local|timestamp.apple.com|*.timestamp.apple.com|sequoia.apple.com|*.sequoia.apple.com|seed-sequoia.siri.apple.com|*.seed-sequoia.siri.apple.com"/>
    <property name="java.runtime.version" value="17.0.16+0"/>
    <property name="user.name" value="hooper"/>
    <property name="path.separator" value=":"/>
    <property name="os.version" value="15.6.1"/>
    <property name="java.runtime.name" value="OpenJDK Runtime Environment"/>
    <property name="file.encoding" value="UTF-8"/>
    <property name="java.vm.name" value="OpenJDK 64-Bit Server VM"/>
    <property name="java.vendor.version" value="Homebrew"/>
    <property name="localRepository" value="/Users/hooper/code/maven/repository"/>
    <property name="java.vendor.url.bug" value="https://github.com/Homebrew/homebrew-core/issues"/>
    <property name="java.io.tmpdir" value="/var/folders/5m/4zr7m3v94j1_8fsbkl3hn6fr0000gn/T/"/>
    <property name="idea.version" value="2024.3.7"/>
    <property name="java.version" value="17.0.16"/>
    <property name="user.dir" value="/Users/hooper/code/ugg_express"/>
    <property name="os.arch" value="aarch64"/>
    <property name="java.vm.specification.name" value="Java Virtual Machine Specification"/>
    <property name="native.encoding" value="UTF-8"/>
    <property name="java.library.path" value="/Users/hooper/Library/Java/Extensions:/Library/Java/Extensions:/Network/Library/Java/Extensions:/System/Library/Java/Extensions:/usr/lib/java:."/>
    <property name="java.vm.info" value="mixed mode, sharing"/>
    <property name="java.vendor" value="Homebrew"/>
    <property name="java.vm.version" value="17.0.16+0"/>
    <property name="java.specification.maintenance.version" value="1"/>
    <property name="sun.io.unicode.encoding" value="UnicodeBig"/>
    <property name="socksNonProxyHosts" value="192.168.0.0/16|*.192.168.0.0/16|10.0.0.0/8|*.10.0.0.0/8|172.16.0.0/12|*.172.16.0.0/12|127.0.0.1|localhost|*.localhost|local|*.local|timestamp.apple.com|*.timestamp.apple.com|sequoia.apple.com|*.sequoia.apple.com|seed-sequoia.siri.apple.com|*.seed-sequoia.siri.apple.com"/>
    <property name="java.class.version" value="61.0"/>
  </properties>
  <testcase name="testParsePaylistPDF" classname="TestPython" time="0.229">
    <system-out><![CDATA[{"realName": "Huirong Jiao", "bankRef": "(015-025)*****4693", "referenceName": "JIAO H", "payAmount": "728.81", "grossPay": "819.81", "grossPayYtd": "3806.63", "tax": "91.00", "taxYtd": "450.00", "superannuation": "98.38", "superYtd": "456.80", "payPeriodStart": "08/09/2025", "payPeriodEnd": "14/09/2025", "paymentDate": "18/09/2025", "totalEarnings": "819.81", "netPay": "728.81", "ordinaryHours": "11.5000", "ordinaryHoursHourlyRate": "33.1900", "ordinaryHoursThisPay": "381.68", "ordinaryHoursYtd": "2193.52", "after6pmHours": "3.0000", "after6pmHoursHourlyRate": "39.8300", "after6pmHoursThisPay": "119.49", "after6pmHoursYtd": "657.19", "satHours": "8.0000", "satHoursHourlyRate": "39.8300", "satHoursThisPay": "318.64", "satHoursYtd": "955.92"}
解析结果：{realName=Huirong Jiao, bankRef=(015-025)*****4693, referenceName=JIAO H, payAmount=728.81, grossPay=819.81, grossPayYtd=3806.63, tax=91.00, taxYtd=450.00, superannuation=98.38, superYtd=456.80, payPeriodStart=08/09/2025, payPeriodEnd=14/09/2025, paymentDate=18/09/2025, totalEarnings=819.81, netPay=728.81, ordinaryHours=11.5000, ordinaryHoursHourlyRate=33.1900, ordinaryHoursThisPay=381.68, ordinaryHoursYtd=2193.52, after6pmHours=3.0000, after6pmHoursHourlyRate=39.8300, after6pmHoursThisPay=119.49, after6pmHoursYtd=657.19, satHours=8.0000, satHoursHourlyRate=39.8300, satHoursThisPay=318.64, satHoursYtd=955.92}
]]></system-out>
  </testcase>
</testsuite>